# JRE version: Java(TM) SE Runtime Environment (8.0_181-b13) (build 1.8.0_181-b13)
# Java VM: Java HotSpot(TM) 64-Bit Server VM (25.181-b13 mixed mode windows-amd64 compressed oops)
Heap:
 PSYoungGen      total 75776K, used 14636K [0x00000000eab00000, 0x00000000f0a00000, 0x0000000100000000)
  eden space 54272K, 1% used [0x00000000eab00000,0x00000000eabfb0b0,0x00000000ee000000)
  from space 21504K, 63% used [0x00000000ee000000,0x00000000eed50040,0x00000000ef500000)
  to   space 19968K, 0% used [0x00000000ef680000,0x00000000ef680000,0x00000000f0a00000)
 ParOldGen       total 136704K, used 33508K [0x00000000c0000000, 0x00000000c8580000, 0x00000000eab00000)
  object space 136704K, 24% used [0x00000000c0000000,0x00000000c20b9270,0x00000000c8580000)
 Metaspace       used 62567K, capacity 66802K, committed 66864K, reserved 1112064K
  class space    used 8342K, capacity 9234K, committed 9264K, reserved 1048576K
GC Heap History (10 events):
Event: 8406.042 GC heap before
{Heap before GC invocations=32 (full 3):
 PSYoungGen      total 76800K, used 63424K [0x00000000eab00000, 0x00000000f0e00000, 0x0000000100000000)
  eden space 56320K, 100% used [0x00000000eab00000,0x00000000ee200000,0x00000000ee200000)
  from space 20480K, 34% used [0x00000000efa00000,0x00000000f00f0030,0x00000000f0e00000)
  to   space 22528K, 0% used [0x00000000ee200000,0x00000000ee200000,0x00000000ef800000)
 ParOldGen       total 136704K, used 33356K [0x00000000c0000000, 0x00000000c8580000, 0x00000000eab00000)
  object space 136704K, 24% used [0x00000000c0000000,0x00000000c2093260,0x00000000c8580000)
 Metaspace       used 62360K, capacity 66520K, committed 66608K, reserved 1105920K
  class space    used 8331K, capacity 9230K, committed 9264K, reserved 1048576K
Event: 8406.188 GC heap after
Heap after GC invocations=32 (full 3):
 PSYoungGen      total 78336K, used 13904K [0x00000000eab00000, 0x00000000f0e80000, 0x0000000100000000)
  eden space 55808K, 0% used [0x00000000eab00000,0x00000000eab00000,0x00000000ee180000)
  from space 22528K, 61% used [0x00000000ee200000,0x00000000eef94040,0x00000000ef800000)
  to   space 23040K, 0% used [0x00000000ef800000,0x00000000ef800000,0x00000000f0e80000)
 ParOldGen       total 136704K, used 33364K [0x00000000c0000000, 0x00000000c8580000, 0x00000000eab00000)
  object space 136704K, 24% used [0x00000000c0000000,0x00000000c2095260,0x00000000c8580000)
 Metaspace       used 62360K, capacity 66520K, committed 66608K, reserved 1105920K
  class space    used 8331K, capacity 9230K, committed 9264K, reserved 1048576K
}
Event: 9254.210 GC heap before
{Heap before GC invocations=33 (full 3):
 PSYoungGen      total 78336K, used 69712K [0x00000000eab00000, 0x00000000f0e80000, 0x0000000100000000)
  eden space 55808K, 100% used [0x00000000eab00000,0x00000000ee180000,0x00000000ee180000)
  from space 22528K, 61% used [0x00000000ee200000,0x00000000eef94040,0x00000000ef800000)
  to   space 23040K, 0% used [0x00000000ef800000,0x00000000ef800000,0x00000000f0e80000)
 ParOldGen       total 136704K, used 33364K [0x00000000c0000000, 0x00000000c8580000, 0x00000000eab00000)
  object space 136704K, 24% used [0x00000000c0000000,0x00000000c2095260,0x00000000c8580000)
 Metaspace       used 62428K, capacity 66584K, committed 66864K, reserved 1107968K
  class space    used 8331K, capacity 9230K, committed 9264K, reserved 1048576K
Event: 9254.759 GC heap after
Heap after GC invocations=33 (full 3):
 PSYoungGen      total 77824K, used 13696K [0x00000000eab00000, 0x00000000f0e00000, 0x0000000100000000)
  eden space 55296K, 0% used [0x00000000eab00000,0x00000000eab00000,0x00000000ee100000)
  from space 22528K, 60% used [0x00000000ef800000,0x00000000f0560050,0x00000000f0e00000)
  to   space 23040K, 0% used [0x00000000ee100000,0x00000000ee100000,0x00000000ef780000)
 ParOldGen       total 136704K, used 33372K [0x00000000c0000000, 0x00000000c8580000, 0x00000000eab00000)
  object space 136704K, 24% used [0x00000000c0000000,0x00000000c2097260,0x00000000c8580000)
 Metaspace       used 62428K, capacity 66584K, committed 66864K, reserved 1107968K
  class space    used 8331K, capacity 9230K, committed 9264K, reserved 1048576K
}
Event: 12649.010 GC heap before
{Heap before GC invocations=34 (full 3):
 PSYoungGen      total 77824K, used 68992K [0x00000000eab00000, 0x00000000f0e00000, 0x0000000100000000)
  eden space 55296K, 100% used [0x00000000eab00000,0x00000000ee100000,0x00000000ee100000)
  from space 22528K, 60% used [0x00000000ef800000,0x00000000f0560050,0x00000000f0e00000)
  to   space 23040K, 0% used [0x00000000ee100000,0x00000000ee100000,0x00000000ef780000)
 ParOldGen       total 136704K, used 33372K [0x00000000c0000000, 0x00000000c8580000, 0x00000000eab00000)
  object space 136704K, 24% used [0x00000000c0000000,0x00000000c2097260,0x00000000c8580000)
 Metaspace       used 62462K, capacity 66648K, committed 66864K, reserved 1107968K
  class space    used 8332K, capacity 9230K, committed 9264K, reserved 1048576K
Event: 12649.082 GC heap after
Heap after GC invocations=34 (full 3):
 PSYoungGen      total 61440K, used 6304K [0x00000000eab00000, 0x00000000f0c80000, 0x0000000100000000)
  eden space 54784K, 0% used [0x00000000eab00000,0x00000000eab00000,0x00000000ee080000)
  from space 6656K, 94% used [0x00000000ee100000,0x00000000ee728030,0x00000000ee780000)
  to   space 22528K, 0% used [0x00000000ef680000,0x00000000ef680000,0x00000000f0c80000)
 ParOldGen       total 136704K, used 33380K [0x00000000c0000000, 0x00000000c8580000, 0x00000000eab00000)
  object space 136704K, 24% used [0x00000000c0000000,0x00000000c2099260,0x00000000c8580000)
 Metaspace       used 62462K, capacity 66648K, committed 66864K, reserved 1107968K
  class space    used 8332K, capacity 9230K, committed 9264K, reserved 1048576K
}
Event: 17217.001 GC heap before
{Heap before GC invocations=35 (full 3):
 PSYoungGen      total 61440K, used 61088K [0x00000000eab00000, 0x00000000f0c80000, 0x0000000100000000)
  eden space 54784K, 100% used [0x00000000eab00000,0x00000000ee080000,0x00000000ee080000)
  from space 6656K, 94% used [0x00000000ee100000,0x00000000ee728030,0x00000000ee780000)
  to   space 22528K, 0% used [0x00000000ef680000,0x00000000ef680000,0x00000000f0c80000)
 ParOldGen       total 136704K, used 33380K [0x00000000c0000000, 0x00000000c8580000, 0x00000000eab00000)
  object space 136704K, 24% used [0x00000000c0000000,0x00000000c2099260,0x00000000c8580000)
 Metaspace       used 62488K, capacity 66652K, committed 66864K, reserved 1107968K
  class space    used 8333K, capacity 9230K, committed 9264K, reserved 1048576K
Event: 17255.569 GC heap after
Heap after GC invocations=35 (full 3):
 PSYoungGen      total 74240K, used 8320K [0x00000000eab00000, 0x00000000f0a00000, 0x0000000100000000)
  eden space 54272K, 0% used [0x00000000eab00000,0x00000000eab00000,0x00000000ee000000)
  from space 19968K, 41% used [0x00000000ef680000,0x00000000efea0050,0x00000000f0a00000)
  to   space 21504K, 0% used [0x00000000ee000000,0x00000000ee000000,0x00000000ef500000)
 ParOldGen       total 136704K, used 33388K [0x00000000c0000000, 0x00000000c8580000, 0x00000000eab00000)
  object space 136704K, 24% used [0x00000000c0000000,0x00000000c209b260,0x00000000c8580000)
 Metaspace       used 62488K, capacity 66652K, committed 66864K, reserved 1107968K
  class space    used 8333K, capacity 9230K, committed 9264K, reserved 1048576K
}
Event: 17578.816 GC heap before
{Heap before GC invocations=36 (full 3):
 PSYoungGen      total 74240K, used 62592K [0x00000000eab00000, 0x00000000f0a00000, 0x0000000100000000)
  eden space 54272K, 100% used [0x00000000eab00000,0x00000000ee000000,0x00000000ee000000)
  from space 19968K, 41% used [0x00000000ef680000,0x00000000efea0050,0x00000000f0a00000)
  to   space 21504K, 0% used [0x00000000ee000000,0x00000000ee000000,0x00000000ef500000)
 ParOldGen       total 136704K, used 33388K [0x00000000c0000000, 0x00000000c8580000, 0x00000000eab00000)
  object space 136704K, 24% used [0x00000000c0000000,0x00000000c209b260,0x00000000c8580000)
 Metaspace       used 62524K, capacity 66716K, committed 66864K, reserved 1107968K
  class space    used 8334K, capacity 9230K, committed 9264K, reserved 1048576K
Event: 17588.552 GC heap after
Heap after GC invocations=36 (full 3):
 PSYoungGen      total 75776K, used 13632K [0x00000000eab00000, 0x00000000f0a00000, 0x0000000100000000)
  eden space 54272K, 0% used [0x00000000eab00000,0x00000000eab00000,0x00000000ee000000)
  from space 21504K, 63% used [0x00000000ee000000,0x00000000eed50040,0x00000000ef500000)
  to   space 19968K, 0% used [0x00000000ef680000,0x00000000ef680000,0x00000000f0a00000)
 ParOldGen       total 136704K, used 33508K [0x00000000c0000000, 0x00000000c8580000, 0x00000000eab00000)
  object space 136704K, 24% used [0x00000000c0000000,0x00000000c20b9270,0x00000000c8580000)
 Metaspace       used 62524K, capacity 66716K, committed 66864K, reserved 1107968K
  class space    used 8334K, capacity 9230K, committed 9264K, reserved 1048576K
}

